<?xml version="1.0" encoding="UTF-8"?>
<testsuite xmlns:xsi="http://www.w3.org/2001/XMLSchema-instance" xsi:noNamespaceSchemaLocation="https://maven.apache.org/surefire/maven-surefire-plugin/xsd/surefire-test-report.xsd" name="Our Stores Module" time="9.982" tests="1" errors="0" skipped="0" failures="1">
  <properties>
    <property name="java.specification.version" value="15"/>
    <property name="webdriver.chrome.driver" value="/Users/omerbozduman/.cache/selenium/chromedriver/mac64/87.0.4280.88/chromedriver"/>
    <property name="sun.jnu.encoding" value="UTF-8"/>
    <property name="java.class.path" value="/Users/omerbozduman/IdeaProjects/AnswerDigitalAutomationTest/target/test-classes:/Users/omerbozduman/IdeaProjects/AnswerDigitalAutomationTest/target/classes:/Users/omerbozduman/.m2/repository/org/seleniumhq/selenium/selenium-java/3.141.59/selenium-java-3.141.59.jar:/Users/omerbozduman/.m2/repository/org/seleniumhq/selenium/selenium-api/3.141.59/selenium-api-3.141.59.jar:/Users/omerbozduman/.m2/repository/org/seleniumhq/selenium/selenium-chrome-driver/3.141.59/selenium-chrome-driver-3.141.59.jar:/Users/omerbozduman/.m2/repository/org/seleniumhq/selenium/selenium-edge-driver/3.141.59/selenium-edge-driver-3.141.59.jar:/Users/omerbozduman/.m2/repository/org/seleniumhq/selenium/selenium-firefox-driver/3.141.59/selenium-firefox-driver-3.141.59.jar:/Users/omerbozduman/.m2/repository/org/seleniumhq/selenium/selenium-ie-driver/3.141.59/selenium-ie-driver-3.141.59.jar:/Users/omerbozduman/.m2/repository/org/seleniumhq/selenium/selenium-opera-driver/3.141.59/selenium-opera-driver-3.141.59.jar:/Users/omerbozduman/.m2/repository/org/seleniumhq/selenium/selenium-remote-driver/3.141.59/selenium-remote-driver-3.141.59.jar:/Users/omerbozduman/.m2/repository/org/seleniumhq/selenium/selenium-safari-driver/3.141.59/selenium-safari-driver-3.141.59.jar:/Users/omerbozduman/.m2/repository/org/seleniumhq/selenium/selenium-support/3.141.59/selenium-support-3.141.59.jar:/Users/omerbozduman/.m2/repository/net/bytebuddy/byte-buddy/1.8.15/byte-buddy-1.8.15.jar:/Users/omerbozduman/.m2/repository/org/apache/commons/commons-exec/1.3/commons-exec-1.3.jar:/Users/omerbozduman/.m2/repository/com/google/guava/guava/25.0-jre/guava-25.0-jre.jar:/Users/omerbozduman/.m2/repository/com/google/code/findbugs/jsr305/1.3.9/jsr305-1.3.9.jar:/Users/omerbozduman/.m2/repository/org/checkerframework/checker-compat-qual/2.0.0/checker-compat-qual-2.0.0.jar:/Users/omerbozduman/.m2/repository/com/google/errorprone/error_prone_annotations/2.1.3/error_prone_annotations-2.1.3.jar:/Users/omerbozduman/.m2/repository/com/google/j2objc/j2objc-annotations/1.1/j2objc-annotations-1.1.jar:/Users/omerbozduman/.m2/repository/org/codehaus/mojo/animal-sniffer-annotations/1.14/animal-sniffer-annotations-1.14.jar:/Users/omerbozduman/.m2/repository/com/squareup/okhttp3/okhttp/3.11.0/okhttp-3.11.0.jar:/Users/omerbozduman/.m2/repository/com/squareup/okio/okio/1.14.0/okio-1.14.0.jar:/Users/omerbozduman/.m2/repository/io/cucumber/cucumber-java/6.9.1/cucumber-java-6.9.1.jar:/Users/omerbozduman/.m2/repository/io/cucumber/cucumber-core/6.9.1/cucumber-core-6.9.1.jar:/Users/omerbozduman/.m2/repository/io/cucumber/cucumber-gherkin/6.9.1/cucumber-gherkin-6.9.1.jar:/Users/omerbozduman/.m2/repository/io/cucumber/cucumber-gherkin-messages/6.9.1/cucumber-gherkin-messages-6.9.1.jar:/Users/omerbozduman/.m2/repository/io/cucumber/messages/13.2.1/messages-13.2.1.jar:/Users/omerbozduman/.m2/repository/io/cucumber/tag-expressions/3.0.0/tag-expressions-3.0.0.jar:/Users/omerbozduman/.m2/repository/io/cucumber/cucumber-expressions/10.3.0/cucumber-expressions-10.3.0.jar:/Users/omerbozduman/.m2/repository/io/cucumber/datatable/3.5.0/datatable-3.5.0.jar:/Users/omerbozduman/.m2/repository/io/cucumber/cucumber-plugin/6.9.1/cucumber-plugin-6.9.1.jar:/Users/omerbozduman/.m2/repository/io/cucumber/docstring/6.9.1/docstring-6.9.1.jar:/Users/omerbozduman/.m2/repository/io/cucumber/html-formatter/9.0.0/html-formatter-9.0.0.jar:/Users/omerbozduman/.m2/repository/io/cucumber/create-meta/2.0.4/create-meta-2.0.4.jar:/Users/omerbozduman/.m2/repository/org/apiguardian/apiguardian-api/1.1.0/apiguardian-api-1.1.0.jar:/Users/omerbozduman/.m2/repository/io/cucumber/cucumber-junit/6.9.1/cucumber-junit-6.9.1.jar:/Users/omerbozduman/.m2/repository/junit/junit/4.13.1/junit-4.13.1.jar:/Users/omerbozduman/.m2/repository/org/hamcrest/hamcrest-core/1.3/hamcrest-core-1.3.jar:/Users/omerbozduman/.m2/repository/io/github/bonigarcia/webdrivermanager/4.2.2/webdrivermanager-4.2.2.jar:/Users/omerbozduman/.m2/repository/org/slf4j/slf4j-api/1.7.30/slf4j-api-1.7.30.jar:/Users/omerbozduman/.m2/repository/commons-io/commons-io/2.8.0/commons-io-2.8.0.jar:/Users/omerbozduman/.m2/repository/com/google/code/gson/gson/2.8.6/gson-2.8.6.jar:/Users/omerbozduman/.m2/repository/org/apache/commons/commons-lang3/3.11/commons-lang3-3.11.jar:/Users/omerbozduman/.m2/repository/org/apache/httpcomponents/client5/httpclient5/5.0.1/httpclient5-5.0.1.jar:/Users/omerbozduman/.m2/repository/org/apache/httpcomponents/core5/httpcore5/5.0.1/httpcore5-5.0.1.jar:/Users/omerbozduman/.m2/repository/org/apache/httpcomponents/core5/httpcore5-h2/5.0.1/httpcore5-h2-5.0.1.jar:/Users/omerbozduman/.m2/repository/commons-codec/commons-codec/1.13/commons-codec-1.13.jar:/Users/omerbozduman/.m2/repository/org/rauschig/jarchivelib/1.1.0/jarchivelib-1.1.0.jar:/Users/omerbozduman/.m2/repository/org/apache/commons/commons-compress/1.20/commons-compress-1.20.jar:/Users/omerbozduman/.m2/repository/org/jsoup/jsoup/1.13.1/jsoup-1.13.1.jar:/Users/omerbozduman/.m2/repository/com/github/javafaker/javafaker/1.0.2/javafaker-1.0.2.jar:/Users/omerbozduman/.m2/repository/org/yaml/snakeyaml/1.23/snakeyaml-1.23-android.jar:/Users/omerbozduman/.m2/repository/com/github/mifmif/generex/1.0.2/generex-1.0.2.jar:/Users/omerbozduman/.m2/repository/dk/brics/automaton/automaton/1.11-8/automaton-1.11-8.jar:/Users/omerbozduman/.m2/repository/net/masterthought/maven-cucumber-reporting/5.4.0/maven-cucumber-reporting-5.4.0.jar:/Users/omerbozduman/.m2/repository/org/apache/maven/maven-plugin-api/3.6.3/maven-plugin-api-3.6.3.jar:/Users/omerbozduman/.m2/repository/org/apache/maven/maven-model/3.6.3/maven-model-3.6.3.jar:/Users/omerbozduman/.m2/repository/org/apache/maven/maven-artifact/3.6.3/maven-artifact-3.6.3.jar:/Users/omerbozduman/.m2/repository/org/eclipse/sisu/org.eclipse.sisu.plexus/0.3.4/org.eclipse.sisu.plexus-0.3.4.jar:/Users/omerbozduman/.m2/repository/javax/enterprise/cdi-api/1.0/cdi-api-1.0.jar:/Users/omerbozduman/.m2/repository/javax/annotation/jsr250-api/1.0/jsr250-api-1.0.jar:/Users/omerbozduman/.m2/repository/javax/inject/javax.inject/1/javax.inject-1.jar:/Users/omerbozduman/.m2/repository/org/eclipse/sisu/org.eclipse.sisu.inject/0.3.4/org.eclipse.sisu.inject-0.3.4.jar:/Users/omerbozduman/.m2/repository/org/codehaus/plexus/plexus-component-annotations/1.5.5/plexus-component-annotations-1.5.5.jar:/Users/omerbozduman/.m2/repository/org/codehaus/plexus/plexus-utils/3.2.1/plexus-utils-3.2.1.jar:/Users/omerbozduman/.m2/repository/org/codehaus/plexus/plexus-classworlds/2.6.0/plexus-classworlds-2.6.0.jar:/Users/omerbozduman/.m2/repository/org/apache/maven/plugins/maven-gpg-plugin/1.6/maven-gpg-plugin-1.6.jar:/Users/omerbozduman/.m2/repository/org/apache/maven/maven-project/2.2.1/maven-project-2.2.1.jar:/Users/omerbozduman/.m2/repository/org/apache/maven/maven-settings/2.2.1/maven-settings-2.2.1.jar:/Users/omerbozduman/.m2/repository/org/apache/maven/maven-profile/2.2.1/maven-profile-2.2.1.jar:/Users/omerbozduman/.m2/repository/org/apache/maven/maven-artifact-manager/2.2.1/maven-artifact-manager-2.2.1.jar:/Users/omerbozduman/.m2/repository/org/apache/maven/wagon/wagon-provider-api/1.0-beta-6/wagon-provider-api-1.0-beta-6.jar:/Users/omerbozduman/.m2/repository/backport-util-concurrent/backport-util-concurrent/3.1/backport-util-concurrent-3.1.jar:/Users/omerbozduman/.m2/repository/org/apache/maven/maven-plugin-registry/2.2.1/maven-plugin-registry-2.2.1.jar:/Users/omerbozduman/.m2/repository/org/codehaus/plexus/plexus-interpolation/1.11/plexus-interpolation-1.11.jar:/Users/omerbozduman/.m2/repository/org/codehaus/plexus/plexus-container-default/1.0-alpha-9-stable-1/plexus-container-default-1.0-alpha-9-stable-1.jar:/Users/omerbozduman/.m2/repository/classworlds/classworlds/1.1-alpha-2/classworlds-1.1-alpha-2.jar:/Users/omerbozduman/.m2/repository/org/apache/maven/maven-repository-metadata/2.2.1/maven-repository-metadata-2.2.1.jar:/Users/omerbozduman/.m2/repository/org/sonatype/plexus/plexus-sec-dispatcher/1.4/plexus-sec-dispatcher-1.4.jar:/Users/omerbozduman/.m2/repository/org/sonatype/plexus/plexus-cipher/1.4/plexus-cipher-1.4.jar:/Users/omerbozduman/.m2/repository/net/masterthought/cucumber-reporting/5.4.0/cucumber-reporting-5.4.0.jar:/Users/omerbozduman/.m2/repository/com/fasterxml/jackson/core/jackson-databind/2.10.1/jackson-databind-2.10.1.jar:/Users/omerbozduman/.m2/repository/com/fasterxml/jackson/core/jackson-annotations/2.10.1/jackson-annotations-2.10.1.jar:/Users/omerbozduman/.m2/repository/com/fasterxml/jackson/core/jackson-core/2.10.1/jackson-core-2.10.1.jar:/Users/omerbozduman/.m2/repository/com/fasterxml/jackson/datatype/jackson-datatype-jsr310/2.10.1/jackson-datatype-jsr310-2.10.1.jar:/Users/omerbozduman/.m2/repository/org/apache/velocity/velocity-engine-core/2.1/velocity-engine-core-2.1.jar:/Users/omerbozduman/.m2/repository/commons-collections/commons-collections/3.2.2/commons-collections-3.2.2.jar:/Users/omerbozduman/.m2/repository/joda-time/joda-time/2.10.5/joda-time-2.10.5.jar:/Users/omerbozduman/.m2/repository/com/googlecode/owasp-java-html-sanitizer/owasp-java-html-sanitizer/20191001.1/owasp-java-html-sanitizer-20191001.1.jar:/Users/omerbozduman/.m2/repository/commons-configuration/commons-configuration/1.10/commons-configuration-1.10.jar:/Users/omerbozduman/.m2/repository/commons-lang/commons-lang/2.6/commons-lang-2.6.jar:/Users/omerbozduman/.m2/repository/commons-logging/commons-logging/1.1.1/commons-logging-1.1.1.jar:"/>
    <property name="java.vm.vendor" value="Oracle Corporation"/>
    <property name="sun.arch.data.model" value="64"/>
    <property name="java.vendor.url" value="https://java.oracle.com/"/>
    <property name="user.timezone" value="Europe/London"/>
    <property name="os.name" value="Mac OS X"/>
    <property name="java.vm.specification.version" value="15"/>
    <property name="sun.java.launcher" value="SUN_STANDARD"/>
    <property name="user.country" value="GB"/>
    <property name="sun.boot.library.path" value="/Users/omerbozduman/Library/Java/JavaVirtualMachines/openjdk-15.0.1/Contents/Home/lib"/>
    <property name="sun.java.command" value="/Users/omerbozduman/IdeaProjects/AnswerDigitalAutomationTest/target/surefire/surefirebooter14297986557172644512.jar /Users/omerbozduman/IdeaProjects/AnswerDigitalAutomationTest/target/surefire 2021-01-07T21-57-43_799-jvmRun1 surefire6185643363831923748tmp surefire_06317624856572715633tmp"/>
    <property name="http.nonProxyHosts" value="local|*.local|169.254/16|*.169.254/16"/>
    <property name="jdk.debug" value="release"/>
    <property name="surefire.test.class.path" value="/Users/omerbozduman/IdeaProjects/AnswerDigitalAutomationTest/target/test-classes:/Users/omerbozduman/IdeaProjects/AnswerDigitalAutomationTest/target/classes:/Users/omerbozduman/.m2/repository/org/seleniumhq/selenium/selenium-java/3.141.59/selenium-java-3.141.59.jar:/Users/omerbozduman/.m2/repository/org/seleniumhq/selenium/selenium-api/3.141.59/selenium-api-3.141.59.jar:/Users/omerbozduman/.m2/repository/org/seleniumhq/selenium/selenium-chrome-driver/3.141.59/selenium-chrome-driver-3.141.59.jar:/Users/omerbozduman/.m2/repository/org/seleniumhq/selenium/selenium-edge-driver/3.141.59/selenium-edge-driver-3.141.59.jar:/Users/omerbozduman/.m2/repository/org/seleniumhq/selenium/selenium-firefox-driver/3.141.59/selenium-firefox-driver-3.141.59.jar:/Users/omerbozduman/.m2/repository/org/seleniumhq/selenium/selenium-ie-driver/3.141.59/selenium-ie-driver-3.141.59.jar:/Users/omerbozduman/.m2/repository/org/seleniumhq/selenium/selenium-opera-driver/3.141.59/selenium-opera-driver-3.141.59.jar:/Users/omerbozduman/.m2/repository/org/seleniumhq/selenium/selenium-remote-driver/3.141.59/selenium-remote-driver-3.141.59.jar:/Users/omerbozduman/.m2/repository/org/seleniumhq/selenium/selenium-safari-driver/3.141.59/selenium-safari-driver-3.141.59.jar:/Users/omerbozduman/.m2/repository/org/seleniumhq/selenium/selenium-support/3.141.59/selenium-support-3.141.59.jar:/Users/omerbozduman/.m2/repository/net/bytebuddy/byte-buddy/1.8.15/byte-buddy-1.8.15.jar:/Users/omerbozduman/.m2/repository/org/apache/commons/commons-exec/1.3/commons-exec-1.3.jar:/Users/omerbozduman/.m2/repository/com/google/guava/guava/25.0-jre/guava-25.0-jre.jar:/Users/omerbozduman/.m2/repository/com/google/code/findbugs/jsr305/1.3.9/jsr305-1.3.9.jar:/Users/omerbozduman/.m2/repository/org/checkerframework/checker-compat-qual/2.0.0/checker-compat-qual-2.0.0.jar:/Users/omerbozduman/.m2/repository/com/google/errorprone/error_prone_annotations/2.1.3/error_prone_annotations-2.1.3.jar:/Users/omerbozduman/.m2/repository/com/google/j2objc/j2objc-annotations/1.1/j2objc-annotations-1.1.jar:/Users/omerbozduman/.m2/repository/org/codehaus/mojo/animal-sniffer-annotations/1.14/animal-sniffer-annotations-1.14.jar:/Users/omerbozduman/.m2/repository/com/squareup/okhttp3/okhttp/3.11.0/okhttp-3.11.0.jar:/Users/omerbozduman/.m2/repository/com/squareup/okio/okio/1.14.0/okio-1.14.0.jar:/Users/omerbozduman/.m2/repository/io/cucumber/cucumber-java/6.9.1/cucumber-java-6.9.1.jar:/Users/omerbozduman/.m2/repository/io/cucumber/cucumber-core/6.9.1/cucumber-core-6.9.1.jar:/Users/omerbozduman/.m2/repository/io/cucumber/cucumber-gherkin/6.9.1/cucumber-gherkin-6.9.1.jar:/Users/omerbozduman/.m2/repository/io/cucumber/cucumber-gherkin-messages/6.9.1/cucumber-gherkin-messages-6.9.1.jar:/Users/omerbozduman/.m2/repository/io/cucumber/messages/13.2.1/messages-13.2.1.jar:/Users/omerbozduman/.m2/repository/io/cucumber/tag-expressions/3.0.0/tag-expressions-3.0.0.jar:/Users/omerbozduman/.m2/repository/io/cucumber/cucumber-expressions/10.3.0/cucumber-expressions-10.3.0.jar:/Users/omerbozduman/.m2/repository/io/cucumber/datatable/3.5.0/datatable-3.5.0.jar:/Users/omerbozduman/.m2/repository/io/cucumber/cucumber-plugin/6.9.1/cucumber-plugin-6.9.1.jar:/Users/omerbozduman/.m2/repository/io/cucumber/docstring/6.9.1/docstring-6.9.1.jar:/Users/omerbozduman/.m2/repository/io/cucumber/html-formatter/9.0.0/html-formatter-9.0.0.jar:/Users/omerbozduman/.m2/repository/io/cucumber/create-meta/2.0.4/create-meta-2.0.4.jar:/Users/omerbozduman/.m2/repository/org/apiguardian/apiguardian-api/1.1.0/apiguardian-api-1.1.0.jar:/Users/omerbozduman/.m2/repository/io/cucumber/cucumber-junit/6.9.1/cucumber-junit-6.9.1.jar:/Users/omerbozduman/.m2/repository/junit/junit/4.13.1/junit-4.13.1.jar:/Users/omerbozduman/.m2/repository/org/hamcrest/hamcrest-core/1.3/hamcrest-core-1.3.jar:/Users/omerbozduman/.m2/repository/io/github/bonigarcia/webdrivermanager/4.2.2/webdrivermanager-4.2.2.jar:/Users/omerbozduman/.m2/repository/org/slf4j/slf4j-api/1.7.30/slf4j-api-1.7.30.jar:/Users/omerbozduman/.m2/repository/commons-io/commons-io/2.8.0/commons-io-2.8.0.jar:/Users/omerbozduman/.m2/repository/com/google/code/gson/gson/2.8.6/gson-2.8.6.jar:/Users/omerbozduman/.m2/repository/org/apache/commons/commons-lang3/3.11/commons-lang3-3.11.jar:/Users/omerbozduman/.m2/repository/org/apache/httpcomponents/client5/httpclient5/5.0.1/httpclient5-5.0.1.jar:/Users/omerbozduman/.m2/repository/org/apache/httpcomponents/core5/httpcore5/5.0.1/httpcore5-5.0.1.jar:/Users/omerbozduman/.m2/repository/org/apache/httpcomponents/core5/httpcore5-h2/5.0.1/httpcore5-h2-5.0.1.jar:/Users/omerbozduman/.m2/repository/commons-codec/commons-codec/1.13/commons-codec-1.13.jar:/Users/omerbozduman/.m2/repository/org/rauschig/jarchivelib/1.1.0/jarchivelib-1.1.0.jar:/Users/omerbozduman/.m2/repository/org/apache/commons/commons-compress/1.20/commons-compress-1.20.jar:/Users/omerbozduman/.m2/repository/org/jsoup/jsoup/1.13.1/jsoup-1.13.1.jar:/Users/omerbozduman/.m2/repository/com/github/javafaker/javafaker/1.0.2/javafaker-1.0.2.jar:/Users/omerbozduman/.m2/repository/org/yaml/snakeyaml/1.23/snakeyaml-1.23-android.jar:/Users/omerbozduman/.m2/repository/com/github/mifmif/generex/1.0.2/generex-1.0.2.jar:/Users/omerbozduman/.m2/repository/dk/brics/automaton/automaton/1.11-8/automaton-1.11-8.jar:/Users/omerbozduman/.m2/repository/net/masterthought/maven-cucumber-reporting/5.4.0/maven-cucumber-reporting-5.4.0.jar:/Users/omerbozduman/.m2/repository/org/apache/maven/maven-plugin-api/3.6.3/maven-plugin-api-3.6.3.jar:/Users/omerbozduman/.m2/repository/org/apache/maven/maven-model/3.6.3/maven-model-3.6.3.jar:/Users/omerbozduman/.m2/repository/org/apache/maven/maven-artifact/3.6.3/maven-artifact-3.6.3.jar:/Users/omerbozduman/.m2/repository/org/eclipse/sisu/org.eclipse.sisu.plexus/0.3.4/org.eclipse.sisu.plexus-0.3.4.jar:/Users/omerbozduman/.m2/repository/javax/enterprise/cdi-api/1.0/cdi-api-1.0.jar:/Users/omerbozduman/.m2/repository/javax/annotation/jsr250-api/1.0/jsr250-api-1.0.jar:/Users/omerbozduman/.m2/repository/javax/inject/javax.inject/1/javax.inject-1.jar:/Users/omerbozduman/.m2/repository/org/eclipse/sisu/org.eclipse.sisu.inject/0.3.4/org.eclipse.sisu.inject-0.3.4.jar:/Users/omerbozduman/.m2/repository/org/codehaus/plexus/plexus-component-annotations/1.5.5/plexus-component-annotations-1.5.5.jar:/Users/omerbozduman/.m2/repository/org/codehaus/plexus/plexus-utils/3.2.1/plexus-utils-3.2.1.jar:/Users/omerbozduman/.m2/repository/org/codehaus/plexus/plexus-classworlds/2.6.0/plexus-classworlds-2.6.0.jar:/Users/omerbozduman/.m2/repository/org/apache/maven/plugins/maven-gpg-plugin/1.6/maven-gpg-plugin-1.6.jar:/Users/omerbozduman/.m2/repository/org/apache/maven/maven-project/2.2.1/maven-project-2.2.1.jar:/Users/omerbozduman/.m2/repository/org/apache/maven/maven-settings/2.2.1/maven-settings-2.2.1.jar:/Users/omerbozduman/.m2/repository/org/apache/maven/maven-profile/2.2.1/maven-profile-2.2.1.jar:/Users/omerbozduman/.m2/repository/org/apache/maven/maven-artifact-manager/2.2.1/maven-artifact-manager-2.2.1.jar:/Users/omerbozduman/.m2/repository/org/apache/maven/wagon/wagon-provider-api/1.0-beta-6/wagon-provider-api-1.0-beta-6.jar:/Users/omerbozduman/.m2/repository/backport-util-concurrent/backport-util-concurrent/3.1/backport-util-concurrent-3.1.jar:/Users/omerbozduman/.m2/repository/org/apache/maven/maven-plugin-registry/2.2.1/maven-plugin-registry-2.2.1.jar:/Users/omerbozduman/.m2/repository/org/codehaus/plexus/plexus-interpolation/1.11/plexus-interpolation-1.11.jar:/Users/omerbozduman/.m2/repository/org/codehaus/plexus/plexus-container-default/1.0-alpha-9-stable-1/plexus-container-default-1.0-alpha-9-stable-1.jar:/Users/omerbozduman/.m2/repository/classworlds/classworlds/1.1-alpha-2/classworlds-1.1-alpha-2.jar:/Users/omerbozduman/.m2/repository/org/apache/maven/maven-repository-metadata/2.2.1/maven-repository-metadata-2.2.1.jar:/Users/omerbozduman/.m2/repository/org/sonatype/plexus/plexus-sec-dispatcher/1.4/plexus-sec-dispatcher-1.4.jar:/Users/omerbozduman/.m2/repository/org/sonatype/plexus/plexus-cipher/1.4/plexus-cipher-1.4.jar:/Users/omerbozduman/.m2/repository/net/masterthought/cucumber-reporting/5.4.0/cucumber-reporting-5.4.0.jar:/Users/omerbozduman/.m2/repository/com/fasterxml/jackson/core/jackson-databind/2.10.1/jackson-databind-2.10.1.jar:/Users/omerbozduman/.m2/repository/com/fasterxml/jackson/core/jackson-annotations/2.10.1/jackson-annotations-2.10.1.jar:/Users/omerbozduman/.m2/repository/com/fasterxml/jackson/core/jackson-core/2.10.1/jackson-core-2.10.1.jar:/Users/omerbozduman/.m2/repository/com/fasterxml/jackson/datatype/jackson-datatype-jsr310/2.10.1/jackson-datatype-jsr310-2.10.1.jar:/Users/omerbozduman/.m2/repository/org/apache/velocity/velocity-engine-core/2.1/velocity-engine-core-2.1.jar:/Users/omerbozduman/.m2/repository/commons-collections/commons-collections/3.2.2/commons-collections-3.2.2.jar:/Users/omerbozduman/.m2/repository/joda-time/joda-time/2.10.5/joda-time-2.10.5.jar:/Users/omerbozduman/.m2/repository/com/googlecode/owasp-java-html-sanitizer/owasp-java-html-sanitizer/20191001.1/owasp-java-html-sanitizer-20191001.1.jar:/Users/omerbozduman/.m2/repository/commons-configuration/commons-configuration/1.10/commons-configuration-1.10.jar:/Users/omerbozduman/.m2/repository/commons-lang/commons-lang/2.6/commons-lang-2.6.jar:/Users/omerbozduman/.m2/repository/commons-logging/commons-logging/1.1.1/commons-logging-1.1.1.jar:"/>
    <property name="sun.cpu.endian" value="little"/>
    <property name="user.home" value="/Users/omerbozduman"/>
    <property name="user.language" value="en"/>
    <property name="java.specification.vendor" value="Oracle Corporation"/>
    <property name="java.version.date" value="2020-10-20"/>
    <property name="java.home" value="/Users/omerbozduman/Library/Java/JavaVirtualMachines/openjdk-15.0.1/Contents/Home"/>
    <property name="file.separator" value="/"/>
    <property name="basedir" value="/Users/omerbozduman/IdeaProjects/AnswerDigitalAutomationTest"/>
    <property name="java.vm.compressedOopsMode" value="Zero based"/>
    <property name="line.separator" value="&#10;"/>
    <property name="java.specification.name" value="Java Platform API Specification"/>
    <property name="java.vm.specification.vendor" value="Oracle Corporation"/>
    <property name="surefire.real.class.path" value="/Users/omerbozduman/IdeaProjects/AnswerDigitalAutomationTest/target/surefire/surefirebooter14297986557172644512.jar"/>
    <property name="sun.management.compiler" value="HotSpot 64-Bit Tiered Compilers"/>
    <property name="ftp.nonProxyHosts" value="local|*.local|169.254/16|*.169.254/16"/>
    <property name="java.runtime.version" value="15.0.1+9-18"/>
    <property name="user.name" value="omerbozduman"/>
    <property name="path.separator" value=":"/>
    <property name="os.version" value="10.15.7"/>
    <property name="java.runtime.name" value="OpenJDK Runtime Environment"/>
    <property name="file.encoding" value="UTF-8"/>
    <property name="java.vm.name" value="OpenJDK 64-Bit Server VM"/>
    <property name="localRepository" value="/Users/omerbozduman/.m2/repository"/>
    <property name="java.vendor.url.bug" value="https://bugreport.java.com/bugreport/"/>
    <property name="java.io.tmpdir" value="/var/folders/n5/f6tqh7kx36q3fxhqz8mt6t240000gn/T/"/>
    <property name="idea.version" value="2020.3.1"/>
    <property name="java.version" value="15.0.1"/>
    <property name="user.dir" value="/Users/omerbozduman/IdeaProjects/AnswerDigitalAutomationTest"/>
    <property name="os.arch" value="x86_64"/>
    <property name="java.vm.specification.name" value="Java Virtual Machine Specification"/>
    <property name="java.library.path" value="/Users/omerbozduman/Library/Java/Extensions:/Library/Java/Extensions:/Network/Library/Java/Extensions:/System/Library/Java/Extensions:/usr/lib/java:."/>
    <property name="java.vm.info" value="mixed mode, sharing"/>
    <property name="java.vendor" value="Oracle Corporation"/>
    <property name="java.vm.version" value="15.0.1+9-18"/>
    <property name="sun.io.unicode.encoding" value="UnicodeBig"/>
    <property name="socksNonProxyHosts" value="local|*.local|169.254/16|*.169.254/16"/>
    <property name="java.class.version" value="59.0"/>
  </properties>
  <testcase name="verify our stores module" classname="Our Stores Module" time="9.982">
    <failure message="verify page subtitle expected:&lt;[OUR STORE(S)!]&gt; but was:&lt;[AUTHENTICATION]&gt;" type="org.junit.ComparisonFailure"><![CDATA[org.junit.ComparisonFailure: verify page subtitle expected:<[OUR STORE(S)!]> but was:<[AUTHENTICATION]>
]]></failure>
    <system-out><![CDATA[
@answerdigital @ourstores
Scenario: verify our stores module                             &amp#27;[90m# src/test/resources/features/OurStores.feature:5&amp#27;[0m
  &amp#27;[32mGiven &amp#27;[0m&amp#27;[32mthe user is on &amp#27;[0m&amp#27;[32m&amp#27;[1m"My Store"&amp#27;[0m&amp#27;[32m homepage&amp#27;[0m                     &amp#27;[90m# com.answerdigital.stepdefinitions.MyBasketStepDefs.the_user_is_on_homepage(java.lang.String)&amp#27;[0m
  &amp#27;[32mWhen &amp#27;[0m&amp#27;[32mthe user navigate to &amp#27;[0m&amp#27;[32m&amp#27;[1m"Our stores"&amp#27;[0m&amp#27;[32m page&amp#27;[0m                  &amp#27;[90m# com.answerdigital.stepdefinitions.OurStoresStepDefs.theUserNavigateToPage(java.lang.String)&amp#27;[0m
  &amp#27;[31mThen &amp#27;[0m&amp#27;[31mverify that page subtitle is &amp#27;[0m&amp#27;[31m&amp#27;[1m"Our store(s)!"&amp#27;[0m            &amp#27;[90m# com.answerdigital.stepdefinitions.OurStoresStepDefs.verifyThatPageSubtitleIs(java.lang.String)&amp#27;[0m
      &amp#27;[31morg.junit.ComparisonFailure: verify page subtitle expected:<[OUR STORE(S)!]> but was:<[AUTHENTICATION]>
	at org.junit.Assert.assertEquals(Assert.java:117)
	at com.answerdigital.stepdefinitions.OurStoresStepDefs.verifyThatPageSubtitleIs(OurStoresStepDefs.java:24)
	at ✽.verify that page subtitle is "Our store(s)!"(file:///Users/omerbozduman/IdeaProjects/AnswerDigitalAutomationTest/src/test/resources/features/OurStores.feature:8)
&amp#27;[0m
  &amp#27;[36mAnd &amp#27;[0m&amp#27;[36mthe user checks the &amp#27;[0m&amp#27;[36m&amp#27;[1m"Pembroke Pines"&amp#27;[0m&amp#27;[36m store is on the map&amp#27;[0m &amp#27;[90m# com.answerdigital.stepdefinitions.OurStoresStepDefs.theUserChecksTheStoreIsOnTheMap(java.lang.String)&amp#27;[0m
  &amp#27;[36mAnd &amp#27;[0m&amp#27;[36mtake screenshot of &amp#27;[0m&amp#27;[36m&amp#27;[1m"PembrokePinesStore"&amp#27;[0m&amp#27;[36m address&amp#27;[0m          &amp#27;[90m# com.answerdigital.stepdefinitions.OurStoresStepDefs.takeScreenshotOfAddress(java.lang.String)&amp#27;[0m
]]></system-out>
    <system-err><![CDATA[Starting ChromeDriver 87.0.4280.88 (89e2380a3e36c3464b5dd1302349b1382549290d-refs/branch-heads/4280@{#1761}) on port 28225
Only local connections are allowed.
Please see https://chromedriver.chromium.org/security-considerations for suggestions on keeping ChromeDriver safe.
ChromeDriver was started successfully.
Jan 07, 2021 9:57:46 PM org.openqa.selenium.remote.ProtocolHandshake createSession
INFO: Detected dialect: W3C
]]></system-err>
  </testcase>
</testsuite>